[Thu, 27 Sep 2012 11:13:09 -0500] Error: Consulta: insert into MensajesPlus 
					(idTutoria,idUsuario,idEtapa, autorizacion,mensaje) value
					(110,22,1,1,"Para podere estar en estrecha comunicación te propongo que de 10:10 a 12:00 hrs podamos entrara a la plataforma para trabajar en relación tutora, ¿cómo ves te parece? o tienes una propuesta para garantizar tiempos y seguimiento a este proceso, aclarando que si tenemos algún contratiempo en este horario nos informemos y brindemos una propuesta de horario");
	Data too long for column 'mensaje' at row 1[Thu, 27 Sep 2012 11:15:59 -0500] Error: Consulta: insert into MensajesPlus 
					(idTutoria,idUsuario,idEtapa, autorizacion,mensaje) value
					(110,22,1,1,"por otra parte te sugiero que establezcamos un tiempo para poder estar conectadas, sugiero que sea de 10:10 a 12:hrs, en el entendido de que si tenemos algún contratiempo lo informemos y reagendemos otro tiempo en el día, si tienes otra propuesta lo platicamos, mientras yo mañana me conecto a las 10.10 am");
	Data too long for column 'mensaje' at row 1[Thu, 27 Sep 2012 11:18:55 -0500] Error: Consulta: insert into MensajesPlus 
					(idTutoria,idUsuario,idEtapa, autorizacion,mensaje) value
					(111,22,1,1,"Hola buen día Gerardo, que agradable es estar en sintonía por este medio, para reconocernos un poco más, cuéntame de que estado eres, qué función desempeñas y qué tiempos propones para estar conectados, yo te propongo que sea de 10:00 a 12:00hrs, pero dime y lo arreglamos, en el entendido que si tenemos algún contratiempo podemos mover los tiempos y reagendar otro espacio.");
	Data too long for column 'mensaje' at row 1[Thu, 27 Sep 2012 11:20:09 -0500] Error: Consulta: insert into MensajesPlus 
					(idTutoria,idUsuario,idEtapa, autorizacion,mensaje) value
					(111,22,1,1,"Hola buen día Gerardo, que agradable es estar en sintonía por este medio, para reconocernos un poco más, cuéntame de que estado eres, qué función desempeñas y qué tiempos propones para estar conectados, yo te propongo que sea de 10 a 12 hrs, pero dime y lo arreglamos, en el entendido que si tenemos algún contratiempo podemos mover los tiempos y reagendar otro espacio");
	Data too long for column 'mensaje' at row 1[Thu, 27 Sep 2012 11:51:04 -0500] Error: Consulta: insert into MensajesPlus 
					(idTutoria,idUsuario,idEtapa, autorizacion,mensaje) value
					(112,22,1,1,"Mientras piensas en la propuesta del horario que le dedicaremos a esta tutoría, puedes hacer tu primera interpretación del texto, con la intención de contar con una primera visión de lo que comprendes del texto, sin utilizar mayor recurso que tu comprensión y me lo envías por fis por este medio. A partir de esto trabajamos");
	Data too long for column 'mensaje' at row 1[Thu, 04 Oct 2012 18:28:33 -0500] Error: Consulta: insert into MensajesPlus 
					(idTutoria,idUsuario,idEtapa, autorizacion,mensaje) value
					(63,2,7,1,"Etapa: undefined");
	Cannot add or update a child row: a foreign key constraint fails (`tutorias`.`mensajesplus`, CONSTRAINT `idEtapaMensajesPlus` FOREIGN KEY (`idEtapa`) REFERENCES `etapas` (`idEtapa`) ON DELETE CASCADE ON UPDATE CASCADE)[Wed, 10 Oct 2012 12:12:03 -0500] Error: Consulta: insert into MensajesPlus 
					(idTutoria,idUsuario,idEtapa, autorizacion,mensaje) value
					(131,298,0,1,"Porfa, esto es con el fin de entender un poco , el porque escribe como lo hace , es decir, el tipo de lenguaje y recursos literarios que utiliza");
	Cannot add or update a child row: a foreign key constraint fails (`tutorias`.`mensajesplus`, CONSTRAINT `idEtapaMensajesPlus` FOREIGN KEY (`idEtapa`) REFERENCES `etapas` (`idEtapa`) ON DELETE CASCADE ON UPDATE CASCADE)[Wed, 10 Oct 2012 12:14:33 -0500] Error: Consulta: insert into MensajesPlus 
					(idTutoria,idUsuario,idEtapa, autorizacion,mensaje) value
					(131,298,0,1,"ok, esto es con el fin de conocer o comprender un poco el porque escribe como lo hace, es decir, el lenguaje y los recursos literarios que utiliza y como los utiliza");
	Cannot add or update a child row: a foreign key constraint fails (`tutorias`.`mensajesplus`, CONSTRAINT `idEtapaMensajesPlus` FOREIGN KEY (`idEtapa`) REFERENCES `etapas` (`idEtapa`) ON DELETE CASCADE ON UPDATE CASCADE)[Wed, 10 Oct 2012 12:15:33 -0500] Error: Consulta: insert into MensajesPlus 
					(idTutoria,idUsuario,idEtapa, autorizacion,mensaje) value
					(131,298,0,1,"ok, esto es con el fin de conocer los recursos literarios asi como el lenguaje que utiliza");
	Cannot add or update a child row: a foreign key constraint fails (`tutorias`.`mensajesplus`, CONSTRAINT `idEtapaMensajesPlus` FOREIGN KEY (`idEtapa`) REFERENCES `etapas` (`idEtapa`) ON DELETE CASCADE ON UPDATE CASCADE)[Wed, 10 Oct 2012 13:32:32 -0500] Error: Consulta: insert into MensajesPlus 
					(idTutoria,idUsuario,idEtapa, autorizacion,mensaje) value
					(131,298,0,1,"muy bien");
	Cannot add or update a child row: a foreign key constraint fails (`tutorias`.`mensajesplus`, CONSTRAINT `idEtapaMensajesPlus` FOREIGN KEY (`idEtapa`) REFERENCES `etapas` (`idEtapa`) ON DELETE CASCADE ON UPDATE CASCADE)[Wed, 10 Oct 2012 13:32:45 -0500] Error: Consulta: insert into MensajesPlus 
					(idTutoria,idUsuario,idEtapa, autorizacion,mensaje) value
					(131,298,0,1,"muy bien");
	Cannot add or update a child row: a foreign key constraint fails (`tutorias`.`mensajesplus`, CONSTRAINT `idEtapaMensajesPlus` FOREIGN KEY (`idEtapa`) REFERENCES `etapas` (`idEtapa`) ON DELETE CASCADE ON UPDATE CASCADE)[Wed, 10 Oct 2012 13:58:45 -0500] Error: Consulta: insert into MensajesPlus 
					(idTutoria,idUsuario,idEtapa, autorizacion,mensaje) value
					(131,298,0,1,"ok");
	Cannot add or update a child row: a foreign key constraint fails (`tutorias`.`mensajesplus`, CONSTRAINT `idEtapaMensajesPlus` FOREIGN KEY (`idEtapa`) REFERENCES `etapas` (`idEtapa`) ON DELETE CASCADE ON UPDATE CASCADE)[Wed, 10 Oct 2012 13:58:52 -0500] Error: Consulta: insert into MensajesPlus 
					(idTutoria,idUsuario,idEtapa, autorizacion,mensaje) value
					(131,298,0,1,"ok");
	Cannot add or update a child row: a foreign key constraint fails (`tutorias`.`mensajesplus`, CONSTRAINT `idEtapaMensajesPlus` FOREIGN KEY (`idEtapa`) REFERENCES `etapas` (`idEtapa`) ON DELETE CASCADE ON UPDATE CASCADE)